{"C:\\xampp\\htdocs\\IQRAPATH-final\\resources\\js\\components\\icons\\message-icon.tsx": {"path":"C:\\xampp\\htdocs\\IQRAPATH-final\\resources\\js\\components\\icons\\message-icon.tsx","statementMap":{"0":{"start":{"line":9,"column":2},"end":{"line":22,"column":null}}},"fnMap":{"0":{"name":"MessageIcon","decl":{"start":{"line":8,"column":16},"end":{"line":8,"column":28}},"loc":{"start":{"line":8,"column":68},"end":{"line":24,"column":null}},"line":8}},"branchMap":{},"s":{"0":209},"f":{"0":209},"b":{},"meta":{"lastBranch":0,"lastFunction":1,"lastStatement":1,"seen":{"f:8:16:8:28":0,"s:9:2:22:Infinity":0}}}
,"C:\\xampp\\htdocs\\IQRAPATH-final\\resources\\js\\components\\message\\message-dropdown.tsx": {"path":"C:\\xampp\\htdocs\\IQRAPATH-final\\resources\\js\\components\\message\\message-dropdown.tsx","statementMap":{"0":{"start":{"line":48,"column":2},"end":{"line":48,"column":null}},"1":{"start":{"line":50,"column":34},"end":{"line":50,"column":null}},"2":{"start":{"line":52,"column":8},"end":{"line":52,"column":null}},"3":{"start":{"line":60,"column":7},"end":{"line":60,"column":null}},"4":{"start":{"line":63,"column":2},"end":{"line":90,"column":null}},"5":{"start":{"line":64,"column":4},"end":{"line":89,"column":null}},"6":{"start":{"line":65,"column":26},"end":{"line":65,"column":null}},"7":{"start":{"line":66,"column":24},"end":{"line":66,"column":null}},"8":{"start":{"line":68,"column":6},"end":{"line":88,"column":null}},"9":{"start":{"line":69,"column":8},"end":{"line":74,"column":null}},"10":{"start":{"line":77,"column":29},"end":{"line":77,"column":null}},"11":{"start":{"line":78,"column":28},"end":{"line":78,"column":null}},"12":{"start":{"line":80,"column":8},"end":{"line":83,"column":null}},"13":{"start":{"line":81,"column":10},"end":{"line":81,"column":null}},"14":{"start":{"line":82,"column":10},"end":{"line":82,"column":null}},"15":{"start":{"line":85,"column":8},"end":{"line":87,"column":null}},"16":{"start":{"line":86,"column":10},"end":{"line":86,"column":null}},"17":{"start":{"line":93,"column":24},"end":{"line":94,"column":null}},"18":{"start":{"line":94,"column":20},"end":{"line":94,"column":85}},"19":{"start":{"line":96,"column":22},"end":{"line":101,"column":null}},"20":{"start":{"line":97,"column":4},"end":{"line":97,"column":null}},"21":{"start":{"line":98,"column":4},"end":{"line":98,"column":null}},"22":{"start":{"line":99,"column":4},"end":{"line":99,"column":null}},"23":{"start":{"line":100,"column":4},"end":{"line":100,"column":null}},"24":{"start":{"line":104,"column":2},"end":{"line":108,"column":null}},"25":{"start":{"line":105,"column":4},"end":{"line":107,"column":null}},"26":{"start":{"line":106,"column":6},"end":{"line":106,"column":null}},"27":{"start":{"line":110,"column":2},"end":{"line":114,"column":null}},"28":{"start":{"line":111,"column":4},"end":{"line":113,"column":null}},"29":{"start":{"line":112,"column":6},"end":{"line":112,"column":null}},"30":{"start":{"line":116,"column":2},"end":{"line":342,"column":null}},"31":{"start":{"line":137,"column":31},"end":{"line":137,"column":null}},"32":{"start":{"line":164,"column":35},"end":{"line":164,"column":null}},"33":{"start":{"line":252,"column":14},"end":{"line":262,"column":null}},"34":{"start":{"line":283,"column":34},"end":{"line":283,"column":null}},"35":{"start":{"line":284,"column":16},"end":{"line":327,"column":null}}},"fnMap":{"0":{"name":"MessageDropdown","decl":{"start":{"line":32,"column":16},"end":{"line":32,"column":32}},"loc":{"start":{"line":37,"column":25},"end":{"line":344,"column":null}},"line":37},"1":{"name":"(anonymous_1)","decl":{"start":{"line":64,"column":21},"end":{"line":64,"column":32}},"loc":{"start":{"line":64,"column":32},"end":{"line":89,"column":5}},"line":64},"2":{"name":"(anonymous_2)","decl":{"start":{"line":94,"column":10},"end":{"line":94,"column":11}},"loc":{"start":{"line":94,"column":20},"end":{"line":94,"column":85}},"line":94},"3":{"name":"(anonymous_3)","decl":{"start":{"line":96,"column":22},"end":{"line":96,"column":34}},"loc":{"start":{"line":96,"column":34},"end":{"line":101,"column":null}},"line":96},"4":{"name":"(anonymous_4)","decl":{"start":{"line":104,"column":18},"end":{"line":104,"column":24}},"loc":{"start":{"line":104,"column":24},"end":{"line":108,"column":5}},"line":104},"5":{"name":"(anonymous_5)","decl":{"start":{"line":110,"column":18},"end":{"line":110,"column":24}},"loc":{"start":{"line":110,"column":24},"end":{"line":114,"column":5}},"line":110},"6":{"name":"(anonymous_6)","decl":{"start":{"line":137,"column":25},"end":{"line":137,"column":31}},"loc":{"start":{"line":137,"column":31},"end":{"line":137,"column":null}},"line":137},"7":{"name":"(anonymous_7)","decl":{"start":{"line":164,"column":29},"end":{"line":164,"column":35}},"loc":{"start":{"line":164,"column":35},"end":{"line":164,"column":null}},"line":164},"8":{"name":"(anonymous_8)","decl":{"start":{"line":251,"column":27},"end":{"line":251,"column":28}},"loc":{"start":{"line":252,"column":14},"end":{"line":262,"column":null}},"line":252},"9":{"name":"(anonymous_9)","decl":{"start":{"line":282,"column":33},"end":{"line":282,"column":34}},"loc":{"start":{"line":282,"column":58},"end":{"line":329,"column":15}},"line":282}},"branchMap":{"0":{"loc":{"start":{"line":34,"column":2},"end":{"line":34,"column":null}},"type":"default-arg","locations":[{"start":{"line":34,"column":13},"end":{"line":34,"column":null}}],"line":34},"1":{"loc":{"start":{"line":63,"column":2},"end":{"line":90,"column":null}},"type":"if","locations":[{"start":{"line":63,"column":2},"end":{"line":90,"column":null}},{"start":{},"end":{}}],"line":63},"2":{"loc":{"start":{"line":63,"column":6},"end":{"line":63,"column":43}},"type":"binary-expr","locations":[{"start":{"line":63,"column":6},"end":{"line":63,"column":18}},{"start":{"line":63,"column":18},"end":{"line":63,"column":43}}],"line":63},"3":{"loc":{"start":{"line":68,"column":6},"end":{"line":88,"column":null}},"type":"if","locations":[{"start":{"line":68,"column":6},"end":{"line":88,"column":null}},{"start":{"line":75,"column":13},"end":{"line":88,"column":null}}],"line":68},"4":{"loc":{"start":{"line":72,"column":23},"end":{"line":72,"column":null}},"type":"cond-expr","locations":[{"start":{"line":72,"column":41},"end":{"line":72,"column":45}},{"start":{"line":72,"column":45},"end":{"line":72,"column":null}}],"line":72},"5":{"loc":{"start":{"line":80,"column":8},"end":{"line":83,"column":null}},"type":"if","locations":[{"start":{"line":80,"column":8},"end":{"line":83,"column":null}},{"start":{},"end":{}}],"line":80},"6":{"loc":{"start":{"line":85,"column":8},"end":{"line":87,"column":null}},"type":"if","locations":[{"start":{"line":85,"column":8},"end":{"line":87,"column":null}},{"start":{},"end":{}}],"line":85},"7":{"loc":{"start":{"line":105,"column":4},"end":{"line":107,"column":null}},"type":"if","locations":[{"start":{"line":105,"column":4},"end":{"line":107,"column":null}},{"start":{},"end":{}}],"line":105},"8":{"loc":{"start":{"line":105,"column":8},"end":{"line":105,"column":34}},"type":"binary-expr","locations":[{"start":{"line":105,"column":8},"end":{"line":105,"column":21}},{"start":{"line":105,"column":21},"end":{"line":105,"column":34}}],"line":105},"9":{"loc":{"start":{"line":111,"column":4},"end":{"line":113,"column":null}},"type":"if","locations":[{"start":{"line":111,"column":4},"end":{"line":113,"column":null}},{"start":{},"end":{}}],"line":111},"10":{"loc":{"start":{"line":111,"column":8},"end":{"line":111,"column":46}},"type":"binary-expr","locations":[{"start":{"line":111,"column":8},"end":{"line":111,"column":27}},{"start":{"line":111,"column":27},"end":{"line":111,"column":46}}],"line":111},"11":{"loc":{"start":{"line":121,"column":11},"end":{"line":124,"column":null}},"type":"binary-expr","locations":[{"start":{"line":121,"column":11},"end":{"line":121,"column":null}},{"start":{"line":122,"column":12},"end":{"line":124,"column":null}}],"line":121},"12":{"loc":{"start":{"line":123,"column":15},"end":{"line":123,"column":null}},"type":"cond-expr","locations":[{"start":{"line":123,"column":34},"end":{"line":123,"column":42}},{"start":{"line":123,"column":42},"end":{"line":123,"column":null}}],"line":123},"13":{"loc":{"start":{"line":132,"column":13},"end":{"line":141,"column":null}},"type":"binary-expr","locations":[{"start":{"line":132,"column":13},"end":{"line":132,"column":null}},{"start":{"line":133,"column":14},"end":{"line":141,"column":null}}],"line":132},"14":{"loc":{"start":{"line":153,"column":9},"end":{"line":178,"column":null}},"type":"binary-expr","locations":[{"start":{"line":153,"column":9},"end":{"line":153,"column":null}},{"start":{"line":154,"column":10},"end":{"line":178,"column":null}}],"line":153},"15":{"loc":{"start":{"line":182,"column":9},"end":{"line":214,"column":null}},"type":"binary-expr","locations":[{"start":{"line":182,"column":9},"end":{"line":182,"column":28}},{"start":{"line":182,"column":28},"end":{"line":182,"column":null}},{"start":{"line":183,"column":10},"end":{"line":214,"column":null}}],"line":182},"16":{"loc":{"start":{"line":189,"column":17},"end":{"line":192,"column":null}},"type":"binary-expr","locations":[{"start":{"line":189,"column":17},"end":{"line":189,"column":null}},{"start":{"line":190,"column":18},"end":{"line":192,"column":null}}],"line":189},"17":{"loc":{"start":{"line":191,"column":21},"end":{"line":191,"column":null}},"type":"binary-expr","locations":[{"start":{"line":191,"column":21},"end":{"line":191,"column":55}},{"start":{"line":191,"column":55},"end":{"line":191,"column":null}}],"line":191},"18":{"loc":{"start":{"line":201,"column":61},"end":{"line":201,"column":89}},"type":"binary-expr","locations":[{"start":{"line":201,"column":61},"end":{"line":201,"column":75}},{"start":{"line":201,"column":75},"end":{"line":201,"column":89}}],"line":201},"19":{"loc":{"start":{"line":218,"column":9},"end":{"line":245,"column":null}},"type":"binary-expr","locations":[{"start":{"line":218,"column":9},"end":{"line":218,"column":18}},{"start":{"line":218,"column":18},"end":{"line":218,"column":32}},{"start":{"line":218,"column":32},"end":{"line":218,"column":null}},{"start":{"line":219,"column":10},"end":{"line":245,"column":null}}],"line":218},"20":{"loc":{"start":{"line":232,"column":61},"end":{"line":232,"column":89}},"type":"binary-expr","locations":[{"start":{"line":232,"column":61},"end":{"line":232,"column":75}},{"start":{"line":232,"column":75},"end":{"line":232,"column":89}}],"line":232},"21":{"loc":{"start":{"line":249,"column":9},"end":{"line":264,"column":null}},"type":"binary-expr","locations":[{"start":{"line":249,"column":9},"end":{"line":249,"column":22}},{"start":{"line":249,"column":22},"end":{"line":249,"column":32}},{"start":{"line":249,"column":32},"end":{"line":249,"column":46}},{"start":{"line":249,"column":46},"end":{"line":249,"column":null}},{"start":{"line":250,"column":10},"end":{"line":264,"column":null}}],"line":249},"22":{"loc":{"start":{"line":268,"column":9},"end":{"line":275,"column":null}},"type":"binary-expr","locations":[{"start":{"line":268,"column":9},"end":{"line":268,"column":23}},{"start":{"line":268,"column":23},"end":{"line":268,"column":33}},{"start":{"line":268,"column":33},"end":{"line":268,"column":47}},{"start":{"line":268,"column":47},"end":{"line":268,"column":67}},{"start":{"line":268,"column":67},"end":{"line":268,"column":null}},{"start":{"line":269,"column":10},"end":{"line":275,"column":null}}],"line":268},"23":{"loc":{"start":{"line":279,"column":9},"end":{"line":331,"column":null}},"type":"binary-expr","locations":[{"start":{"line":279,"column":9},"end":{"line":279,"column":23}},{"start":{"line":279,"column":23},"end":{"line":279,"column":33}},{"start":{"line":279,"column":33},"end":{"line":279,"column":47}},{"start":{"line":279,"column":47},"end":{"line":279,"column":67}},{"start":{"line":279,"column":67},"end":{"line":279,"column":null}},{"start":{"line":280,"column":10},"end":{"line":331,"column":null}}],"line":279},"24":{"loc":{"start":{"line":289,"column":24},"end":{"line":289,"column":null}},"type":"binary-expr","locations":[{"start":{"line":289,"column":24},"end":{"line":289,"column":37}},{"start":{"line":289,"column":37},"end":{"line":289,"column":null}}],"line":289},"25":{"loc":{"start":{"line":293,"column":25},"end":{"line":294,"column":null}},"type":"binary-expr","locations":[{"start":{"line":293,"column":25},"end":{"line":293,"column":null}},{"start":{"line":294,"column":26},"end":{"line":294,"column":null}}],"line":293},"26":{"loc":{"start":{"line":294,"column":75},"end":{"line":294,"column":110}},"type":"binary-expr","locations":[{"start":{"line":294,"column":75},"end":{"line":294,"column":102}},{"start":{"line":294,"column":102},"end":{"line":294,"column":110}}],"line":294},"27":{"loc":{"start":{"line":297,"column":39},"end":{"line":297,"column":72}},"type":"binary-expr","locations":[{"start":{"line":297,"column":39},"end":{"line":297,"column":66}},{"start":{"line":297,"column":66},"end":{"line":297,"column":72}}],"line":297},"28":{"loc":{"start":{"line":304,"column":29},"end":{"line":304,"column":null}},"type":"binary-expr","locations":[{"start":{"line":304,"column":29},"end":{"line":304,"column":56}},{"start":{"line":304,"column":56},"end":{"line":304,"column":null}}],"line":304},"29":{"loc":{"start":{"line":317,"column":25},"end":{"line":323,"column":null}},"type":"binary-expr","locations":[{"start":{"line":317,"column":25},"end":{"line":317,"column":null}},{"start":{"line":318,"column":26},"end":{"line":323,"column":null}}],"line":317},"30":{"loc":{"start":{"line":321,"column":62},"end":{"line":321,"column":null}},"type":"cond-expr","locations":[{"start":{"line":321,"column":95},"end":{"line":321,"column":107}},{"start":{"line":321,"column":107},"end":{"line":321,"column":null}}],"line":321}},"s":{"0":209,"1":209,"2":209,"3":209,"4":209,"5":209,"6":3685,"7":3685,"8":3685,"9":685,"10":3000,"11":3000,"12":3000,"13":1034,"14":1034,"15":3000,"16":520,"17":209,"18":949,"19":209,"20":1,"21":1,"22":1,"23":1,"24":209,"25":207,"26":0,"27":209,"28":207,"29":0,"30":209,"31":0,"32":0,"33":3,"34":685,"35":685},"f":{"0":209,"1":3685,"2":949,"3":1,"4":207,"5":207,"6":0,"7":0,"8":3,"9":685},"b":{"0":[209],"1":[209,0],"2":[209,209],"3":[685,3000],"4":[549,136],"5":[1034,1966],"6":[520,2480],"7":[0,207],"8":[207,2],"9":[0,207],"10":[207,2],"11":[209,161],"12":[0,161],"13":[209,161],"14":[209,2],"15":[209,2,1],"16":[1,1],"17":[1,1],"18":[1,0],"19":[209,4,4,4],"20":[4,1],"21":[209,2,1,1,1],"22":[209,207,204,202,201,7],"23":[209,207,204,202,201,194],"24":[685,406],"25":[685,559],"26":[559,0],"27":[685,0],"28":[685,0],"29":[685,406],"30":[225,181]},"meta":{"lastBranch":31,"lastFunction":10,"lastStatement":36,"seen":{"f:32:16:32:32":0,"b:34:13:34:Infinity":0,"s:48:2:48:Infinity":0,"s:50:34:50:Infinity":1,"s:52:8:52:Infinity":2,"s:60:7:60:Infinity":3,"b:63:2:90:Infinity:undefined:undefined:undefined:undefined":1,"s:63:2:90:Infinity":4,"b:63:6:63:18:63:18:63:43":2,"s:64:4:89:Infinity":5,"f:64:21:64:32":1,"s:65:26:65:Infinity":6,"s:66:24:66:Infinity":7,"b:68:6:88:Infinity:75:13:88:Infinity":3,"s:68:6:88:Infinity":8,"s:69:8:74:Infinity":9,"b:72:41:72:45:72:45:72:Infinity":4,"s:77:29:77:Infinity":10,"s:78:28:78:Infinity":11,"b:80:8:83:Infinity:undefined:undefined:undefined:undefined":5,"s:80:8:83:Infinity":12,"s:81:10:81:Infinity":13,"s:82:10:82:Infinity":14,"b:85:8:87:Infinity:undefined:undefined:undefined:undefined":6,"s:85:8:87:Infinity":15,"s:86:10:86:Infinity":16,"s:93:24:94:Infinity":17,"f:94:10:94:11":2,"s:94:20:94:85":18,"s:96:22:101:Infinity":19,"f:96:22:96:34":3,"s:97:4:97:Infinity":20,"s:98:4:98:Infinity":21,"s:99:4:99:Infinity":22,"s:100:4:100:Infinity":23,"s:104:2:108:Infinity":24,"f:104:18:104:24":4,"b:105:4:107:Infinity:undefined:undefined:undefined:undefined":7,"s:105:4:107:Infinity":25,"b:105:8:105:21:105:21:105:34":8,"s:106:6:106:Infinity":26,"s:110:2:114:Infinity":27,"f:110:18:110:24":5,"b:111:4:113:Infinity:undefined:undefined:undefined:undefined":9,"s:111:4:113:Infinity":28,"b:111:8:111:27:111:27:111:46":10,"s:112:6:112:Infinity":29,"s:116:2:342:Infinity":30,"b:121:11:121:Infinity:122:12:124:Infinity":11,"b:123:34:123:42:123:42:123:Infinity":12,"b:132:13:132:Infinity:133:14:141:Infinity":13,"f:137:25:137:31":6,"s:137:31:137:Infinity":31,"b:153:9:153:Infinity:154:10:178:Infinity":14,"f:164:29:164:35":7,"s:164:35:164:Infinity":32,"b:182:9:182:28:182:28:182:Infinity:183:10:214:Infinity":15,"b:189:17:189:Infinity:190:18:192:Infinity":16,"b:191:21:191:55:191:55:191:Infinity":17,"b:201:61:201:75:201:75:201:89":18,"b:218:9:218:18:218:18:218:32:218:32:218:Infinity:219:10:245:Infinity":19,"b:232:61:232:75:232:75:232:89":20,"b:249:9:249:22:249:22:249:32:249:32:249:46:249:46:249:Infinity:250:10:264:Infinity":21,"f:251:27:251:28":8,"s:252:14:262:Infinity":33,"b:268:9:268:23:268:23:268:33:268:33:268:47:268:47:268:67:268:67:268:Infinity:269:10:275:Infinity":22,"b:279:9:279:23:279:23:279:33:279:33:279:47:279:47:279:67:279:67:279:Infinity:280:10:331:Infinity":23,"f:282:33:282:34":9,"s:283:34:283:Infinity":34,"s:284:16:327:Infinity":35,"b:289:24:289:37:289:37:289:Infinity":24,"b:293:25:293:Infinity:294:26:294:Infinity":25,"b:294:75:294:102:294:102:294:110":26,"b:297:39:297:66:297:66:297:72":27,"b:304:29:304:56:304:56:304:Infinity":28,"b:317:25:317:Infinity:318:26:323:Infinity":29,"b:321:95:321:107:321:107:321:Infinity":30}}}
,"C:\\xampp\\htdocs\\IQRAPATH-final\\resources\\js\\components\\ui\\alert.tsx": {"path":"C:\\xampp\\htdocs\\IQRAPATH-final\\resources\\js\\components\\ui\\alert.tsx","statementMap":{"0":{"start":{"line":6,"column":6},"end":{"line":20,"column":null}},"1":{"start":{"line":27,"column":2},"end":{"line":33,"column":null}},"2":{"start":{"line":38,"column":2},"end":{"line":46,"column":null}},"3":{"start":{"line":54,"column":2},"end":{"line":62,"column":null}}},"fnMap":{"0":{"name":"Alert","decl":{"start":{"line":22,"column":9},"end":{"line":22,"column":15}},"loc":{"start":{"line":26,"column":69},"end":{"line":35,"column":null}},"line":26},"1":{"name":"AlertTitle","decl":{"start":{"line":37,"column":9},"end":{"line":37,"column":20}},"loc":{"start":{"line":37,"column":74},"end":{"line":48,"column":null}},"line":37},"2":{"name":"AlertDescription","decl":{"start":{"line":50,"column":9},"end":{"line":50,"column":26}},"loc":{"start":{"line":53,"column":32},"end":{"line":64,"column":null}},"line":53}},"branchMap":{},"s":{"0":2,"1":7,"2":7,"3":7},"f":{"0":7,"1":7,"2":7},"b":{},"meta":{"lastBranch":0,"lastFunction":3,"lastStatement":4,"seen":{"s:6:6:20:Infinity":0,"f:22:9:22:15":0,"s:27:2:33:Infinity":1,"f:37:9:37:20":1,"s:38:2:46:Infinity":2,"f:50:9:50:26":2,"s:54:2:62:Infinity":3}}}
,"C:\\xampp\\htdocs\\IQRAPATH-final\\resources\\js\\components\\ui\\avatar.tsx": {"path":"C:\\xampp\\htdocs\\IQRAPATH-final\\resources\\js\\components\\ui\\avatar.tsx","statementMap":{"0":{"start":{"line":10,"column":2},"end":{"line":18,"column":null}},"1":{"start":{"line":26,"column":2},"end":{"line":31,"column":null}},"2":{"start":{"line":39,"column":2},"end":{"line":47,"column":null}}},"fnMap":{"0":{"name":"Avatar","decl":{"start":{"line":6,"column":9},"end":{"line":6,"column":16}},"loc":{"start":{"line":9,"column":54},"end":{"line":20,"column":null}},"line":9},"1":{"name":"AvatarImage","decl":{"start":{"line":22,"column":9},"end":{"line":22,"column":21}},"loc":{"start":{"line":25,"column":55},"end":{"line":33,"column":null}},"line":25},"2":{"name":"AvatarFallback","decl":{"start":{"line":35,"column":9},"end":{"line":35,"column":24}},"loc":{"start":{"line":38,"column":58},"end":{"line":49,"column":null}},"line":38}},"branchMap":{},"s":{"0":0,"1":0,"2":0},"f":{"0":0,"1":0,"2":0},"b":{},"meta":{"lastBranch":0,"lastFunction":3,"lastStatement":3,"seen":{"f:6:9:6:16":0,"s:10:2:18:Infinity":0,"f:22:9:22:21":1,"s:26:2:31:Infinity":1,"f:35:9:35:24":2,"s:39:2:47:Infinity":2}}}
,"C:\\xampp\\htdocs\\IQRAPATH-final\\resources\\js\\components\\ui\\button.tsx": {"path":"C:\\xampp\\htdocs\\IQRAPATH-final\\resources\\js\\components\\ui\\button.tsx","statementMap":{"0":{"start":{"line":7,"column":6},"end":{"line":35,"column":null}},"1":{"start":{"line":47,"column":15},"end":{"line":47,"column":null}},"2":{"start":{"line":49,"column":2},"end":{"line":54,"column":null}}},"fnMap":{"0":{"name":"Button","decl":{"start":{"line":37,"column":9},"end":{"line":37,"column":16}},"loc":{"start":{"line":46,"column":5},"end":{"line":56,"column":null}},"line":46}},"branchMap":{"0":{"loc":{"start":{"line":41,"column":2},"end":{"line":41,"column":null}},"type":"default-arg","locations":[{"start":{"line":41,"column":12},"end":{"line":41,"column":null}}],"line":41},"1":{"loc":{"start":{"line":47,"column":15},"end":{"line":47,"column":null}},"type":"cond-expr","locations":[{"start":{"line":47,"column":25},"end":{"line":47,"column":32}},{"start":{"line":47,"column":32},"end":{"line":47,"column":null}}],"line":47}},"s":{"0":2,"1":446,"2":446},"f":{"0":446},"b":{"0":[446],"1":[0,446]},"meta":{"lastBranch":2,"lastFunction":1,"lastStatement":3,"seen":{"s:7:6:35:Infinity":0,"f:37:9:37:16":0,"b:41:12:41:Infinity":0,"s:47:15:47:Infinity":1,"b:47:25:47:32:47:32:47:Infinity":1,"s:49:2:54:Infinity":2}}}
,"C:\\xampp\\htdocs\\IQRAPATH-final\\resources\\js\\components\\ui\\dropdown-menu.tsx": {"path":"C:\\xampp\\htdocs\\IQRAPATH-final\\resources\\js\\components\\ui\\dropdown-menu.tsx","statementMap":{"0":{"start":{"line":10,"column":2},"end":{"line":10,"column":null}},"1":{"start":{"line":16,"column":2},"end":{"line":17,"column":null}},"2":{"start":{"line":24,"column":2},"end":{"line":28,"column":null}},"3":{"start":{"line":37,"column":2},"end":{"line":48,"column":null}},"4":{"start":{"line":55,"column":2},"end":{"line":56,"column":null}},"5":{"start":{"line":69,"column":2},"end":{"line":79,"column":null}},"6":{"start":{"line":89,"column":2},"end":{"line":105,"column":null}},"7":{"start":{"line":112,"column":2},"end":{"line":116,"column":null}},"8":{"start":{"line":125,"column":2},"end":{"line":140,"column":null}},"9":{"start":{"line":151,"column":2},"end":{"line":160,"column":null}},"10":{"start":{"line":168,"column":2},"end":{"line":173,"column":null}},"11":{"start":{"line":181,"column":2},"end":{"line":189,"column":null}},"12":{"start":{"line":196,"column":2},"end":{"line":196,"column":null}},"13":{"start":{"line":207,"column":2},"end":{"line":219,"column":null}},"14":{"start":{"line":227,"column":2},"end":{"line":235,"column":null}}},"fnMap":{"0":{"name":"DropdownMenu","decl":{"start":{"line":7,"column":9},"end":{"line":7,"column":22}},"loc":{"start":{"line":9,"column":60},"end":{"line":11,"column":null}},"line":9},"1":{"name":"DropdownMenuPortal","decl":{"start":{"line":13,"column":9},"end":{"line":13,"column":28}},"loc":{"start":{"line":15,"column":62},"end":{"line":19,"column":null}},"line":15},"2":{"name":"DropdownMenuTrigger","decl":{"start":{"line":21,"column":9},"end":{"line":21,"column":29}},"loc":{"start":{"line":23,"column":63},"end":{"line":30,"column":null}},"line":23},"3":{"name":"DropdownMenuContent","decl":{"start":{"line":32,"column":9},"end":{"line":32,"column":29}},"loc":{"start":{"line":36,"column":63},"end":{"line":50,"column":null}},"line":36},"4":{"name":"DropdownMenuGroup","decl":{"start":{"line":52,"column":9},"end":{"line":52,"column":27}},"loc":{"start":{"line":54,"column":61},"end":{"line":58,"column":null}},"line":54},"5":{"name":"DropdownMenuItem","decl":{"start":{"line":60,"column":9},"end":{"line":60,"column":26}},"loc":{"start":{"line":68,"column":3},"end":{"line":81,"column":null}},"line":68},"6":{"name":"DropdownMenuCheckboxItem","decl":{"start":{"line":83,"column":9},"end":{"line":83,"column":34}},"loc":{"start":{"line":88,"column":68},"end":{"line":107,"column":null}},"line":88},"7":{"name":"DropdownMenuRadioGroup","decl":{"start":{"line":109,"column":9},"end":{"line":109,"column":32}},"loc":{"start":{"line":111,"column":66},"end":{"line":118,"column":null}},"line":111},"8":{"name":"DropdownMenuRadioItem","decl":{"start":{"line":120,"column":9},"end":{"line":120,"column":31}},"loc":{"start":{"line":124,"column":65},"end":{"line":142,"column":null}},"line":124},"9":{"name":"DropdownMenuLabel","decl":{"start":{"line":144,"column":9},"end":{"line":144,"column":27}},"loc":{"start":{"line":150,"column":3},"end":{"line":162,"column":null}},"line":150},"10":{"name":"DropdownMenuSeparator","decl":{"start":{"line":164,"column":9},"end":{"line":164,"column":31}},"loc":{"start":{"line":167,"column":65},"end":{"line":175,"column":null}},"line":167},"11":{"name":"DropdownMenuShortcut","decl":{"start":{"line":177,"column":9},"end":{"line":177,"column":30}},"loc":{"start":{"line":180,"column":33},"end":{"line":191,"column":null}},"line":180},"12":{"name":"DropdownMenuSub","decl":{"start":{"line":193,"column":9},"end":{"line":193,"column":25}},"loc":{"start":{"line":195,"column":59},"end":{"line":197,"column":null}},"line":195},"13":{"name":"DropdownMenuSubTrigger","decl":{"start":{"line":199,"column":9},"end":{"line":199,"column":32}},"loc":{"start":{"line":206,"column":3},"end":{"line":221,"column":null}},"line":206},"14":{"name":"DropdownMenuSubContent","decl":{"start":{"line":223,"column":9},"end":{"line":223,"column":32}},"loc":{"start":{"line":226,"column":66},"end":{"line":237,"column":null}},"line":226}},"branchMap":{"0":{"loc":{"start":{"line":34,"column":2},"end":{"line":34,"column":null}},"type":"default-arg","locations":[{"start":{"line":34,"column":15},"end":{"line":34,"column":null}}],"line":34},"1":{"loc":{"start":{"line":63,"column":2},"end":{"line":63,"column":null}},"type":"default-arg","locations":[{"start":{"line":63,"column":12},"end":{"line":63,"column":null}}],"line":63}},"s":{"0":209,"1":0,"2":209,"3":209,"4":0,"5":0,"6":0,"7":0,"8":0,"9":9,"10":18,"11":0,"12":0,"13":0,"14":0},"f":{"0":209,"1":0,"2":209,"3":209,"4":0,"5":0,"6":0,"7":0,"8":0,"9":9,"10":18,"11":0,"12":0,"13":0,"14":0},"b":{"0":[209],"1":[0]},"meta":{"lastBranch":2,"lastFunction":15,"lastStatement":15,"seen":{"f:7:9:7:22":0,"s:10:2:10:Infinity":0,"f:13:9:13:28":1,"s:16:2:17:Infinity":1,"f:21:9:21:29":2,"s:24:2:28:Infinity":2,"f:32:9:32:29":3,"b:34:15:34:Infinity":0,"s:37:2:48:Infinity":3,"f:52:9:52:27":4,"s:55:2:56:Infinity":4,"f:60:9:60:26":5,"b:63:12:63:Infinity":1,"s:69:2:79:Infinity":5,"f:83:9:83:34":6,"s:89:2:105:Infinity":6,"f:109:9:109:32":7,"s:112:2:116:Infinity":7,"f:120:9:120:31":8,"s:125:2:140:Infinity":8,"f:144:9:144:27":9,"s:151:2:160:Infinity":9,"f:164:9:164:31":10,"s:168:2:173:Infinity":10,"f:177:9:177:30":11,"s:181:2:189:Infinity":11,"f:193:9:193:25":12,"s:196:2:196:Infinity":12,"f:199:9:199:32":13,"s:207:2:219:Infinity":13,"f:223:9:223:32":14,"s:227:2:235:Infinity":14}}}
,"C:\\xampp\\htdocs\\IQRAPATH-final\\resources\\js\\components\\ui\\scroll-area.tsx": {"path":"C:\\xampp\\htdocs\\IQRAPATH-final\\resources\\js\\components\\ui\\scroll-area.tsx","statementMap":{"0":{"start":{"line":6,"column":19},"end":{"line":21,"column":null}},"1":{"start":{"line":10,"column":2},"end":{"line":20,"column":null}},"2":{"start":{"line":22,"column":0},"end":{"line":22,"column":null}},"3":{"start":{"line":24,"column":18},"end":{"line":43,"column":null}},"4":{"start":{"line":28,"column":2},"end":{"line":42,"column":null}},"5":{"start":{"line":44,"column":0},"end":{"line":44,"column":null}}},"fnMap":{"0":{"name":"(anonymous_0)","decl":{"start":{"line":9,"column":2},"end":{"line":9,"column":3}},"loc":{"start":{"line":10,"column":2},"end":{"line":20,"column":null}},"line":10},"1":{"name":"(anonymous_1)","decl":{"start":{"line":27,"column":2},"end":{"line":27,"column":3}},"loc":{"start":{"line":28,"column":2},"end":{"line":42,"column":null}},"line":28}},"branchMap":{"0":{"loc":{"start":{"line":27,"column":16},"end":{"line":27,"column":42}},"type":"default-arg","locations":[{"start":{"line":27,"column":30},"end":{"line":27,"column":42}}],"line":27},"1":{"loc":{"start":{"line":33,"column":6},"end":{"line":34,"column":null}},"type":"binary-expr","locations":[{"start":{"line":33,"column":6},"end":{"line":33,"column":null}},{"start":{"line":34,"column":8},"end":{"line":34,"column":null}}],"line":33},"2":{"loc":{"start":{"line":35,"column":6},"end":{"line":36,"column":null}},"type":"binary-expr","locations":[{"start":{"line":35,"column":6},"end":{"line":35,"column":null}},{"start":{"line":36,"column":8},"end":{"line":36,"column":null}}],"line":35}},"s":{"0":2,"1":0,"2":2,"3":2,"4":0,"5":2},"f":{"0":0,"1":0},"b":{"0":[0],"1":[0,0],"2":[0,0]},"meta":{"lastBranch":3,"lastFunction":2,"lastStatement":6,"seen":{"s:6:19:21:Infinity":0,"f:9:2:9:3":0,"s:10:2:20:Infinity":1,"s:22:0:22:Infinity":2,"s:24:18:43:Infinity":3,"f:27:2:27:3":1,"s:28:2:42:Infinity":4,"b:27:30:27:42":0,"b:33:6:33:Infinity:34:8:34:Infinity":1,"b:35:6:35:Infinity:36:8:36:Infinity":2,"s:44:0:44:Infinity":5}}}
,"C:\\xampp\\htdocs\\IQRAPATH-final\\resources\\js\\components\\ui\\skeleton.tsx": {"path":"C:\\xampp\\htdocs\\IQRAPATH-final\\resources\\js\\components\\ui\\skeleton.tsx","statementMap":{"0":{"start":{"line":7,"column":2},"end":{"line":11,"column":null}}},"fnMap":{"0":{"name":"Skeleton","decl":{"start":{"line":3,"column":9},"end":{"line":3,"column":18}},"loc":{"start":{"line":6,"column":41},"end":{"line":13,"column":null}},"line":6}},"branchMap":{},"s":{"0":15},"f":{"0":15},"b":{},"meta":{"lastBranch":0,"lastFunction":1,"lastStatement":1,"seen":{"f:3:9:3:18":0,"s:7:2:11:Infinity":0}}}
,"C:\\xampp\\htdocs\\IQRAPATH-final\\resources\\js\\hooks\\use-messages.ts": {"path":"C:\\xampp\\htdocs\\IQRAPATH-final\\resources\\js\\hooks\\use-messages.ts","statementMap":{"0":{"start":{"line":7,"column":24},"end":{"line":13,"column":null}},"1":{"start":{"line":8,"column":4},"end":{"line":12,"column":null}},"2":{"start":{"line":9,"column":8},"end":{"line":9,"column":null}},"3":{"start":{"line":11,"column":8},"end":{"line":11,"column":null}},"4":{"start":{"line":38,"column":27},"end":{"line":312,"column":null}},"5":{"start":{"line":43,"column":32},"end":{"line":43,"column":null}},"6":{"start":{"line":44,"column":38},"end":{"line":44,"column":null}},"7":{"start":{"line":45,"column":34},"end":{"line":45,"column":null}},"8":{"start":{"line":46,"column":26},"end":{"line":46,"column":null}},"9":{"start":{"line":47,"column":34},"end":{"line":47,"column":null}},"10":{"start":{"line":48,"column":46},"end":{"line":48,"column":null}},"11":{"start":{"line":49,"column":46},"end":{"line":49,"column":null}},"12":{"start":{"line":51,"column":10},"end":{"line":62,"column":null}},"13":{"start":{"line":52,"column":30},"end":{"line":52,"column":null}},"14":{"start":{"line":54,"column":8},"end":{"line":61,"column":null}},"15":{"start":{"line":55,"column":12},"end":{"line":55,"column":null}},"16":{"start":{"line":56,"column":12},"end":{"line":56,"column":null}},"17":{"start":{"line":57,"column":8},"end":{"line":61,"column":null}},"18":{"start":{"line":58,"column":12},"end":{"line":58,"column":null}},"19":{"start":{"line":60,"column":12},"end":{"line":60,"column":null}},"20":{"start":{"line":64,"column":10},"end":{"line":68,"column":null}},"21":{"start":{"line":65,"column":8},"end":{"line":65,"column":null}},"22":{"start":{"line":66,"column":8},"end":{"line":66,"column":null}},"23":{"start":{"line":67,"column":8},"end":{"line":67,"column":null}},"24":{"start":{"line":70,"column":10},"end":{"line":111,"column":null}},"25":{"start":{"line":71,"column":8},"end":{"line":71,"column":null}},"26":{"start":{"line":72,"column":8},"end":{"line":72,"column":null}},"27":{"start":{"line":73,"column":8},"end":{"line":73,"column":null}},"28":{"start":{"line":74,"column":8},"end":{"line":74,"column":null}},"29":{"start":{"line":76,"column":8},"end":{"line":110,"column":null}},"30":{"start":{"line":78,"column":12},"end":{"line":78,"column":null}},"31":{"start":{"line":80,"column":29},"end":{"line":80,"column":null}},"32":{"start":{"line":83,"column":34},"end":{"line":83,"column":null}},"33":{"start":{"line":84,"column":43},"end":{"line":84,"column":null}},"34":{"start":{"line":85,"column":30},"end":{"line":85,"column":null}},"35":{"start":{"line":88,"column":12},"end":{"line":97,"column":null}},"36":{"start":{"line":89,"column":16},"end":{"line":96,"column":null}},"37":{"start":{"line":90,"column":20},"end":{"line":95,"column":null}},"38":{"start":{"line":91,"column":24},"end":{"line":91,"column":null}},"39":{"start":{"line":92,"column":24},"end":{"line":94,"column":null}},"40":{"start":{"line":93,"column":28},"end":{"line":93,"column":null}},"41":{"start":{"line":99,"column":12},"end":{"line":99,"column":null}},"42":{"start":{"line":100,"column":12},"end":{"line":100,"column":null}},"43":{"start":{"line":101,"column":12},"end":{"line":101,"column":null}},"44":{"start":{"line":103,"column":12},"end":{"line":107,"column":null}},"45":{"start":{"line":104,"column":16},"end":{"line":104,"column":null}},"46":{"start":{"line":106,"column":16},"end":{"line":106,"column":null}},"47":{"start":{"line":109,"column":12},"end":{"line":109,"column":null}},"48":{"start":{"line":113,"column":8},"end":{"line":145,"column":null}},"49":{"start":{"line":114,"column":4},"end":{"line":114,"column":null}},"50":{"start":{"line":115,"column":4},"end":{"line":115,"column":null}},"51":{"start":{"line":116,"column":4},"end":{"line":116,"column":null}},"52":{"start":{"line":117,"column":4},"end":{"line":117,"column":null}},"53":{"start":{"line":119,"column":4},"end":{"line":144,"column":null}},"54":{"start":{"line":121,"column":6},"end":{"line":121,"column":null}},"55":{"start":{"line":124,"column":27},"end":{"line":126,"column":null}},"56":{"start":{"line":128,"column":29},"end":{"line":128,"column":null}},"57":{"start":{"line":131,"column":31},"end":{"line":131,"column":null}},"58":{"start":{"line":132,"column":23},"end":{"line":132,"column":null}},"59":{"start":{"line":134,"column":6},"end":{"line":134,"column":null}},"60":{"start":{"line":135,"column":6},"end":{"line":135,"column":null}},"61":{"start":{"line":137,"column":6},"end":{"line":141,"column":null}},"62":{"start":{"line":138,"column":8},"end":{"line":138,"column":null}},"63":{"start":{"line":140,"column":8},"end":{"line":140,"column":null}},"64":{"start":{"line":143,"column":6},"end":{"line":143,"column":null}},"65":{"start":{"line":147,"column":8},"end":{"line":195,"column":null}},"66":{"start":{"line":148,"column":4},"end":{"line":148,"column":null}},"67":{"start":{"line":149,"column":4},"end":{"line":149,"column":null}},"68":{"start":{"line":150,"column":4},"end":{"line":150,"column":null}},"69":{"start":{"line":153,"column":4},"end":{"line":156,"column":null}},"70":{"start":{"line":154,"column":6},"end":{"line":154,"column":null}},"71":{"start":{"line":155,"column":6},"end":{"line":155,"column":null}},"72":{"start":{"line":159,"column":4},"end":{"line":162,"column":null}},"73":{"start":{"line":160,"column":6},"end":{"line":160,"column":null}},"74":{"start":{"line":161,"column":6},"end":{"line":161,"column":null}},"75":{"start":{"line":164,"column":4},"end":{"line":194,"column":null}},"76":{"start":{"line":166,"column":6},"end":{"line":166,"column":null}},"77":{"start":{"line":169,"column":27},"end":{"line":171,"column":null}},"78":{"start":{"line":173,"column":29},"end":{"line":173,"column":null}},"79":{"start":{"line":176,"column":23},"end":{"line":179,"column":null}},"80":{"start":{"line":182,"column":6},"end":{"line":184,"column":null}},"81":{"start":{"line":183,"column":8},"end":{"line":183,"column":null}},"82":{"start":{"line":183,"column":28},"end":{"line":183,"column":57}},"83":{"start":{"line":186,"column":6},"end":{"line":186,"column":null}},"84":{"start":{"line":188,"column":6},"end":{"line":192,"column":null}},"85":{"start":{"line":189,"column":8},"end":{"line":189,"column":null}},"86":{"start":{"line":191,"column":8},"end":{"line":191,"column":null}},"87":{"start":{"line":193,"column":6},"end":{"line":193,"column":null}},"88":{"start":{"line":197,"column":8},"end":{"line":225,"column":null}},"89":{"start":{"line":199,"column":26},"end":{"line":199,"column":null}},"90":{"start":{"line":199,"column":45},"end":{"line":199,"column":63}},"91":{"start":{"line":200,"column":4},"end":{"line":203,"column":null}},"92":{"start":{"line":201,"column":6},"end":{"line":201,"column":null}},"93":{"start":{"line":202,"column":6},"end":{"line":202,"column":null}},"94":{"start":{"line":205,"column":4},"end":{"line":224,"column":null}},"95":{"start":{"line":206,"column":6},"end":{"line":206,"column":null}},"96":{"start":{"line":209,"column":6},"end":{"line":215,"column":null}},"97":{"start":{"line":210,"column":8},"end":{"line":214,"column":null}},"98":{"start":{"line":211,"column":10},"end":{"line":213,"column":null}},"99":{"start":{"line":217,"column":6},"end":{"line":217,"column":null}},"100":{"start":{"line":217,"column":29},"end":{"line":217,"column":50}},"101":{"start":{"line":219,"column":6},"end":{"line":223,"column":null}},"102":{"start":{"line":220,"column":8},"end":{"line":220,"column":null}},"103":{"start":{"line":222,"column":8},"end":{"line":222,"column":null}},"104":{"start":{"line":227,"column":8},"end":{"line":247,"column":null}},"105":{"start":{"line":228,"column":4},"end":{"line":246,"column":null}},"106":{"start":{"line":229,"column":6},"end":{"line":229,"column":null}},"107":{"start":{"line":232,"column":6},"end":{"line":237,"column":null}},"108":{"start":{"line":233,"column":8},"end":{"line":236,"column":null}},"109":{"start":{"line":233,"column":29},"end":{"line":236,"column":10}},"110":{"start":{"line":239,"column":6},"end":{"line":239,"column":null}},"111":{"start":{"line":241,"column":6},"end":{"line":245,"column":null}},"112":{"start":{"line":242,"column":8},"end":{"line":242,"column":null}},"113":{"start":{"line":244,"column":8},"end":{"line":244,"column":null}},"114":{"start":{"line":249,"column":8},"end":{"line":268,"column":null}},"115":{"start":{"line":250,"column":4},"end":{"line":267,"column":null}},"116":{"start":{"line":251,"column":6},"end":{"line":251,"column":null}},"117":{"start":{"line":254,"column":29},"end":{"line":254,"column":null}},"118":{"start":{"line":254,"column":48},"end":{"line":254,"column":66}},"119":{"start":{"line":255,"column":6},"end":{"line":255,"column":null}},"120":{"start":{"line":255,"column":26},"end":{"line":255,"column":74}},"121":{"start":{"line":255,"column":49},"end":{"line":255,"column":73}},"122":{"start":{"line":258,"column":6},"end":{"line":260,"column":null}},"123":{"start":{"line":259,"column":8},"end":{"line":259,"column":null}},"124":{"start":{"line":259,"column":31},"end":{"line":259,"column":52}},"125":{"start":{"line":262,"column":6},"end":{"line":266,"column":null}},"126":{"start":{"line":263,"column":8},"end":{"line":263,"column":null}},"127":{"start":{"line":265,"column":8},"end":{"line":265,"column":null}},"128":{"start":{"line":271,"column":2},"end":{"line":279,"column":null}},"129":{"start":{"line":272,"column":4},"end":{"line":278,"column":null}},"130":{"start":{"line":273,"column":6},"end":{"line":277,"column":null}},"131":{"start":{"line":274,"column":8},"end":{"line":274,"column":null}},"132":{"start":{"line":276,"column":8},"end":{"line":276,"column":null}},"133":{"start":{"line":282,"column":2},"end":{"line":294,"column":null}},"134":{"start":{"line":283,"column":4},"end":{"line":293,"column":null}},"135":{"start":{"line":284,"column":25},"end":{"line":290,"column":null}},"136":{"start":{"line":285,"column":8},"end":{"line":289,"column":null}},"137":{"start":{"line":286,"column":10},"end":{"line":286,"column":null}},"138":{"start":{"line":288,"column":10},"end":{"line":288,"column":null}},"139":{"start":{"line":292,"column":6},"end":{"line":292,"column":null}},"140":{"start":{"line":292,"column":19},"end":{"line":292,"column":null}},"141":{"start":{"line":296,"column":2},"end":{"line":311,"column":null}}},"fnMap":{"0":{"name":"(anonymous_0)","decl":{"start":{"line":7,"column":24},"end":{"line":7,"column":36}},"loc":{"start":{"line":7,"column":36},"end":{"line":13,"column":null}},"line":7},"1":{"name":"(anonymous_1)","decl":{"start":{"line":38,"column":27},"end":{"line":38,"column":28}},"loc":{"start":{"line":42,"column":50},"end":{"line":312,"column":null}},"line":42},"2":{"name":"(anonymous_2)","decl":{"start":{"line":51,"column":40},"end":{"line":51,"column":41}},"loc":{"start":{"line":51,"column":61},"end":{"line":62,"column":7}},"line":51},"3":{"name":"(anonymous_3)","decl":{"start":{"line":64,"column":36},"end":{"line":64,"column":42}},"loc":{"start":{"line":64,"column":42},"end":{"line":68,"column":7}},"line":64},"4":{"name":"(anonymous_4)","decl":{"start":{"line":70,"column":38},"end":{"line":70,"column":50}},"loc":{"start":{"line":70,"column":50},"end":{"line":111,"column":7}},"line":70},"5":{"name":"(anonymous_5)","decl":{"start":{"line":89,"column":38},"end":{"line":89,"column":39}},"loc":{"start":{"line":89,"column":61},"end":{"line":96,"column":17}},"line":89},"6":{"name":"(anonymous_6)","decl":{"start":{"line":113,"column":44},"end":{"line":113,"column":51}},"loc":{"start":{"line":113,"column":70},"end":{"line":145,"column":5}},"line":113},"7":{"name":"(anonymous_7)","decl":{"start":{"line":147,"column":34},"end":{"line":147,"column":41}},"loc":{"start":{"line":147,"column":107},"end":{"line":195,"column":5}},"line":147},"8":{"name":"(anonymous_8)","decl":{"start":{"line":183,"column":20},"end":{"line":183,"column":28}},"loc":{"start":{"line":183,"column":28},"end":{"line":183,"column":57}},"line":183},"9":{"name":"(anonymous_9)","decl":{"start":{"line":197,"column":33},"end":{"line":197,"column":40}},"loc":{"start":{"line":197,"column":62},"end":{"line":225,"column":5}},"line":197},"10":{"name":"(anonymous_10)","decl":{"start":{"line":199,"column":40},"end":{"line":199,"column":45}},"loc":{"start":{"line":199,"column":45},"end":{"line":199,"column":63}},"line":199},"11":{"name":"(anonymous_11)","decl":{"start":{"line":209,"column":18},"end":{"line":209,"column":null}},"loc":{"start":{"line":210,"column":8},"end":{"line":214,"column":null}},"line":210},"12":{"name":"(anonymous_12)","decl":{"start":{"line":210,"column":17},"end":{"line":210,"column":null}},"loc":{"start":{"line":211,"column":10},"end":{"line":213,"column":null}},"line":211},"13":{"name":"(anonymous_13)","decl":{"start":{"line":217,"column":21},"end":{"line":217,"column":29}},"loc":{"start":{"line":217,"column":29},"end":{"line":217,"column":50}},"line":217},"14":{"name":"(anonymous_14)","decl":{"start":{"line":227,"column":36},"end":{"line":227,"column":48}},"loc":{"start":{"line":227,"column":48},"end":{"line":247,"column":5}},"line":227},"15":{"name":"(anonymous_15)","decl":{"start":{"line":232,"column":18},"end":{"line":232,"column":null}},"loc":{"start":{"line":233,"column":8},"end":{"line":236,"column":null}},"line":233},"16":{"name":"(anonymous_16)","decl":{"start":{"line":233,"column":17},"end":{"line":233,"column":29}},"loc":{"start":{"line":233,"column":29},"end":{"line":236,"column":10}},"line":233},"17":{"name":"(anonymous_17)","decl":{"start":{"line":249,"column":36},"end":{"line":249,"column":43}},"loc":{"start":{"line":249,"column":65},"end":{"line":268,"column":5}},"line":249},"18":{"name":"(anonymous_18)","decl":{"start":{"line":254,"column":43},"end":{"line":254,"column":48}},"loc":{"start":{"line":254,"column":48},"end":{"line":254,"column":66}},"line":254},"19":{"name":"(anonymous_19)","decl":{"start":{"line":255,"column":18},"end":{"line":255,"column":26}},"loc":{"start":{"line":255,"column":26},"end":{"line":255,"column":74}},"line":255},"20":{"name":"(anonymous_20)","decl":{"start":{"line":255,"column":38},"end":{"line":255,"column":49}},"loc":{"start":{"line":255,"column":49},"end":{"line":255,"column":73}},"line":255},"21":{"name":"(anonymous_21)","decl":{"start":{"line":259,"column":23},"end":{"line":259,"column":31}},"loc":{"start":{"line":259,"column":31},"end":{"line":259,"column":52}},"line":259},"22":{"name":"(anonymous_22)","decl":{"start":{"line":271,"column":12},"end":{"line":271,"column":18}},"loc":{"start":{"line":271,"column":18},"end":{"line":279,"column":5}},"line":271},"23":{"name":"(anonymous_23)","decl":{"start":{"line":282,"column":12},"end":{"line":282,"column":18}},"loc":{"start":{"line":282,"column":18},"end":{"line":294,"column":5}},"line":282},"24":{"name":"(anonymous_24)","decl":{"start":{"line":284,"column":37},"end":{"line":284,"column":43}},"loc":{"start":{"line":284,"column":43},"end":{"line":290,"column":9}},"line":284},"25":{"name":"(anonymous_25)","decl":{"start":{"line":292,"column":13},"end":{"line":292,"column":19}},"loc":{"start":{"line":292,"column":19},"end":{"line":292,"column":null}},"line":292}},"branchMap":{"0":{"loc":{"start":{"line":38,"column":28},"end":{"line":42,"column":50}},"type":"default-arg","locations":[{"start":{"line":42,"column":24},"end":{"line":42,"column":50}}],"line":38},"1":{"loc":{"start":{"line":39,"column":4},"end":{"line":39,"column":null}},"type":"default-arg","locations":[{"start":{"line":39,"column":22},"end":{"line":39,"column":null}}],"line":39},"2":{"loc":{"start":{"line":40,"column":4},"end":{"line":40,"column":null}},"type":"default-arg","locations":[{"start":{"line":40,"column":19},"end":{"line":40,"column":null}}],"line":40},"3":{"loc":{"start":{"line":54,"column":8},"end":{"line":61,"column":null}},"type":"if","locations":[{"start":{"line":54,"column":8},"end":{"line":61,"column":null}},{"start":{"line":57,"column":8},"end":{"line":61,"column":null}}],"line":54},"4":{"loc":{"start":{"line":57,"column":8},"end":{"line":61,"column":null}},"type":"if","locations":[{"start":{"line":57,"column":8},"end":{"line":61,"column":null}},{"start":{"line":59,"column":15},"end":{"line":61,"column":null}}],"line":57},"5":{"loc":{"start":{"line":83,"column":34},"end":{"line":83,"column":null}},"type":"binary-expr","locations":[{"start":{"line":83,"column":34},"end":{"line":83,"column":61}},{"start":{"line":83,"column":61},"end":{"line":83,"column":null}}],"line":83},"6":{"loc":{"start":{"line":88,"column":12},"end":{"line":97,"column":null}},"type":"if","locations":[{"start":{"line":88,"column":12},"end":{"line":97,"column":null}},{"start":{},"end":{}}],"line":88},"7":{"loc":{"start":{"line":90,"column":20},"end":{"line":95,"column":null}},"type":"if","locations":[{"start":{"line":90,"column":20},"end":{"line":95,"column":null}},{"start":{},"end":{}}],"line":90},"8":{"loc":{"start":{"line":92,"column":24},"end":{"line":94,"column":null}},"type":"if","locations":[{"start":{"line":92,"column":24},"end":{"line":94,"column":null}},{"start":{},"end":{}}],"line":92},"9":{"loc":{"start":{"line":103,"column":12},"end":{"line":107,"column":null}},"type":"if","locations":[{"start":{"line":103,"column":12},"end":{"line":107,"column":null}},{"start":{"line":105,"column":19},"end":{"line":107,"column":null}}],"line":103},"10":{"loc":{"start":{"line":106,"column":25},"end":{"line":106,"column":91}},"type":"cond-expr","locations":[{"start":{"line":106,"column":48},"end":{"line":106,"column":54}},{"start":{"line":106,"column":54},"end":{"line":106,"column":91}}],"line":106},"11":{"loc":{"start":{"line":132,"column":23},"end":{"line":132,"column":null}},"type":"binary-expr","locations":[{"start":{"line":132,"column":23},"end":{"line":132,"column":67}},{"start":{"line":132,"column":67},"end":{"line":132,"column":null}}],"line":132},"12":{"loc":{"start":{"line":134,"column":18},"end":{"line":134,"column":57}},"type":"cond-expr","locations":[{"start":{"line":134,"column":44},"end":{"line":134,"column":55}},{"start":{"line":134,"column":55},"end":{"line":134,"column":57}}],"line":134},"13":{"loc":{"start":{"line":137,"column":6},"end":{"line":141,"column":null}},"type":"if","locations":[{"start":{"line":137,"column":6},"end":{"line":141,"column":null}},{"start":{"line":139,"column":13},"end":{"line":141,"column":null}}],"line":137},"14":{"loc":{"start":{"line":140,"column":17},"end":{"line":140,"column":93}},"type":"cond-expr","locations":[{"start":{"line":140,"column":40},"end":{"line":140,"column":46}},{"start":{"line":140,"column":46},"end":{"line":140,"column":93}}],"line":140},"15":{"loc":{"start":{"line":153,"column":4},"end":{"line":156,"column":null}},"type":"if","locations":[{"start":{"line":153,"column":4},"end":{"line":156,"column":null}},{"start":{},"end":{}}],"line":153},"16":{"loc":{"start":{"line":153,"column":8},"end":{"line":153,"column":76}},"type":"binary-expr","locations":[{"start":{"line":153,"column":8},"end":{"line":153,"column":24}},{"start":{"line":153,"column":24},"end":{"line":153,"column":44}},{"start":{"line":153,"column":44},"end":{"line":153,"column":76}}],"line":153},"17":{"loc":{"start":{"line":159,"column":4},"end":{"line":162,"column":null}},"type":"if","locations":[{"start":{"line":159,"column":4},"end":{"line":162,"column":null}},{"start":{},"end":{}}],"line":159},"18":{"loc":{"start":{"line":159,"column":8},"end":{"line":159,"column":49}},"type":"binary-expr","locations":[{"start":{"line":159,"column":8},"end":{"line":159,"column":20}},{"start":{"line":159,"column":20},"end":{"line":159,"column":49}}],"line":159},"19":{"loc":{"start":{"line":182,"column":6},"end":{"line":184,"column":null}},"type":"if","locations":[{"start":{"line":182,"column":6},"end":{"line":184,"column":null}},{"start":{},"end":{}}],"line":182},"20":{"loc":{"start":{"line":188,"column":6},"end":{"line":192,"column":null}},"type":"if","locations":[{"start":{"line":188,"column":6},"end":{"line":192,"column":null}},{"start":{"line":190,"column":13},"end":{"line":192,"column":null}}],"line":188},"21":{"loc":{"start":{"line":191,"column":17},"end":{"line":191,"column":81}},"type":"cond-expr","locations":[{"start":{"line":191,"column":40},"end":{"line":191,"column":46}},{"start":{"line":191,"column":46},"end":{"line":191,"column":81}}],"line":191},"22":{"loc":{"start":{"line":200,"column":4},"end":{"line":203,"column":null}},"type":"if","locations":[{"start":{"line":200,"column":4},"end":{"line":203,"column":null}},{"start":{},"end":{}}],"line":200},"23":{"loc":{"start":{"line":211,"column":10},"end":{"line":213,"column":null}},"type":"cond-expr","locations":[{"start":{"line":212,"column":14},"end":{"line":212,"column":null}},{"start":{"line":213,"column":14},"end":{"line":213,"column":null}}],"line":211},"24":{"loc":{"start":{"line":219,"column":6},"end":{"line":223,"column":null}},"type":"if","locations":[{"start":{"line":219,"column":6},"end":{"line":223,"column":null}},{"start":{"line":221,"column":13},"end":{"line":223,"column":null}}],"line":219},"25":{"loc":{"start":{"line":222,"column":17},"end":{"line":222,"column":89}},"type":"cond-expr","locations":[{"start":{"line":222,"column":40},"end":{"line":222,"column":46}},{"start":{"line":222,"column":46},"end":{"line":222,"column":89}}],"line":222},"26":{"loc":{"start":{"line":235,"column":19},"end":{"line":235,"column":null}},"type":"binary-expr","locations":[{"start":{"line":235,"column":19},"end":{"line":235,"column":38}},{"start":{"line":235,"column":27},"end":{"line":235,"column":null}}],"line":235},"27":{"loc":{"start":{"line":241,"column":6},"end":{"line":245,"column":null}},"type":"if","locations":[{"start":{"line":241,"column":6},"end":{"line":245,"column":null}},{"start":{"line":243,"column":13},"end":{"line":245,"column":null}}],"line":241},"28":{"loc":{"start":{"line":244,"column":17},"end":{"line":244,"column":94}},"type":"cond-expr","locations":[{"start":{"line":244,"column":40},"end":{"line":244,"column":46}},{"start":{"line":244,"column":46},"end":{"line":244,"column":94}}],"line":244},"29":{"loc":{"start":{"line":258,"column":6},"end":{"line":260,"column":null}},"type":"if","locations":[{"start":{"line":258,"column":6},"end":{"line":260,"column":null}},{"start":{},"end":{}}],"line":258},"30":{"loc":{"start":{"line":258,"column":10},"end":{"line":258,"column":53}},"type":"binary-expr","locations":[{"start":{"line":258,"column":10},"end":{"line":258,"column":28}},{"start":{"line":258,"column":28},"end":{"line":258,"column":53}}],"line":258},"31":{"loc":{"start":{"line":262,"column":6},"end":{"line":266,"column":null}},"type":"if","locations":[{"start":{"line":262,"column":6},"end":{"line":266,"column":null}},{"start":{"line":264,"column":13},"end":{"line":266,"column":null}}],"line":262},"32":{"loc":{"start":{"line":265,"column":17},"end":{"line":265,"column":83}},"type":"cond-expr","locations":[{"start":{"line":265,"column":40},"end":{"line":265,"column":46}},{"start":{"line":265,"column":46},"end":{"line":265,"column":83}}],"line":265},"33":{"loc":{"start":{"line":272,"column":4},"end":{"line":278,"column":null}},"type":"if","locations":[{"start":{"line":272,"column":4},"end":{"line":278,"column":null}},{"start":{},"end":{}}],"line":272},"34":{"loc":{"start":{"line":273,"column":6},"end":{"line":277,"column":null}},"type":"if","locations":[{"start":{"line":273,"column":6},"end":{"line":277,"column":null}},{"start":{"line":275,"column":13},"end":{"line":277,"column":null}}],"line":273},"35":{"loc":{"start":{"line":283,"column":4},"end":{"line":293,"column":null}},"type":"if","locations":[{"start":{"line":283,"column":4},"end":{"line":293,"column":null}},{"start":{},"end":{}}],"line":283},"36":{"loc":{"start":{"line":285,"column":8},"end":{"line":289,"column":null}},"type":"if","locations":[{"start":{"line":285,"column":8},"end":{"line":289,"column":null}},{"start":{"line":287,"column":15},"end":{"line":289,"column":null}}],"line":285}},"s":{"0":2,"1":89,"2":89,"3":0,"4":2,"5":366,"6":366,"7":366,"8":366,"9":366,"10":366,"11":366,"12":366,"13":67,"14":67,"15":25,"16":25,"17":42,"18":29,"19":13,"20":366,"21":13,"22":13,"23":13,"24":366,"25":1,"26":1,"27":1,"28":1,"29":1,"30":1,"31":1,"32":0,"33":1,"34":1,"35":1,"36":0,"37":0,"38":0,"39":0,"40":0,"41":0,"42":0,"43":0,"44":1,"45":1,"46":0,"47":1,"48":366,"49":0,"50":0,"51":0,"52":0,"53":0,"54":0,"55":0,"56":0,"57":0,"58":0,"59":0,"60":0,"61":0,"62":0,"63":0,"64":0,"65":366,"66":136,"67":136,"68":136,"69":136,"70":26,"71":26,"72":110,"73":22,"74":22,"75":88,"76":88,"77":88,"78":32,"79":32,"80":22,"81":0,"82":0,"83":22,"84":66,"85":66,"86":0,"87":66,"88":366,"89":50,"90":67,"91":50,"92":39,"93":39,"94":11,"95":11,"96":11,"97":11,"98":40,"99":11,"100":11,"101":0,"102":0,"103":0,"104":366,"105":0,"106":0,"107":0,"108":0,"109":0,"110":0,"111":0,"112":0,"113":0,"114":366,"115":0,"116":0,"117":0,"118":0,"119":0,"120":0,"121":0,"122":0,"123":0,"124":0,"125":0,"126":0,"127":0,"128":366,"129":187,"130":1,"131":0,"132":1,"133":366,"134":187,"135":187,"136":0,"137":0,"138":0,"139":187,"140":187,"141":366},"f":{"0":89,"1":366,"2":67,"3":13,"4":1,"5":0,"6":0,"7":136,"8":0,"9":50,"10":67,"11":11,"12":40,"13":11,"14":0,"15":0,"16":0,"17":0,"18":0,"19":0,"20":0,"21":0,"22":187,"23":187,"24":0,"25":187},"b":{"0":[366],"1":[366],"2":[366],"3":[25,42],"4":[29,13],"5":[0,0],"6":[0,1],"7":[0,0],"8":[0,0],"9":[1,0],"10":[0,0],"11":[0,0],"12":[0,0],"13":[0,0],"14":[0,0],"15":[26,110],"16":[136,136,117],"17":[22,88],"18":[110,102],"19":[0,22],"20":[66,0],"21":[0,0],"22":[39,11],"23":[12,28],"24":[0,0],"25":[0,0],"26":[0,0],"27":[0,0],"28":[0,0],"29":[0,0],"30":[0,0],"31":[0,0],"32":[0,0],"33":[1,186],"34":[0,1],"35":[187,0],"36":[0,0]},"meta":{"lastBranch":37,"lastFunction":26,"lastStatement":142,"seen":{"s:7:24:13:Infinity":0,"f:7:24:7:36":0,"s:8:4:12:Infinity":1,"s:9:8:9:Infinity":2,"s:11:8:11:Infinity":3,"s:38:27:312:Infinity":4,"f:38:27:38:28":1,"b:42:24:42:50":0,"b:39:22:39:Infinity":1,"b:40:19:40:Infinity":2,"s:43:32:43:Infinity":5,"s:44:38:44:Infinity":6,"s:45:34:45:Infinity":7,"s:46:26:46:Infinity":8,"s:47:34:47:Infinity":9,"s:48:46:48:Infinity":10,"s:49:46:49:Infinity":11,"s:51:10:62:Infinity":12,"f:51:40:51:41":2,"s:52:30:52:Infinity":13,"b:54:8:61:Infinity:57:8:61:Infinity":3,"s:54:8:61:Infinity":14,"s:55:12:55:Infinity":15,"s:56:12:56:Infinity":16,"b:57:8:61:Infinity:59:15:61:Infinity":4,"s:57:8:61:Infinity":17,"s:58:12:58:Infinity":18,"s:60:12:60:Infinity":19,"s:64:10:68:Infinity":20,"f:64:36:64:42":3,"s:65:8:65:Infinity":21,"s:66:8:66:Infinity":22,"s:67:8:67:Infinity":23,"s:70:10:111:Infinity":24,"f:70:38:70:50":4,"s:71:8:71:Infinity":25,"s:72:8:72:Infinity":26,"s:73:8:73:Infinity":27,"s:74:8:74:Infinity":28,"s:76:8:110:Infinity":29,"s:78:12:78:Infinity":30,"s:80:29:80:Infinity":31,"s:83:34:83:Infinity":32,"b:83:34:83:61:83:61:83:Infinity":5,"s:84:43:84:Infinity":33,"s:85:30:85:Infinity":34,"b:88:12:97:Infinity:undefined:undefined:undefined:undefined":6,"s:88:12:97:Infinity":35,"s:89:16:96:Infinity":36,"f:89:38:89:39":5,"b:90:20:95:Infinity:undefined:undefined:undefined:undefined":7,"s:90:20:95:Infinity":37,"s:91:24:91:Infinity":38,"b:92:24:94:Infinity:undefined:undefined:undefined:undefined":8,"s:92:24:94:Infinity":39,"s:93:28:93:Infinity":40,"s:99:12:99:Infinity":41,"s:100:12:100:Infinity":42,"s:101:12:101:Infinity":43,"b:103:12:107:Infinity:105:19:107:Infinity":9,"s:103:12:107:Infinity":44,"s:104:16:104:Infinity":45,"s:106:16:106:Infinity":46,"b:106:48:106:54:106:54:106:91":10,"s:109:12:109:Infinity":47,"s:113:8:145:Infinity":48,"f:113:44:113:51":6,"s:114:4:114:Infinity":49,"s:115:4:115:Infinity":50,"s:116:4:116:Infinity":51,"s:117:4:117:Infinity":52,"s:119:4:144:Infinity":53,"s:121:6:121:Infinity":54,"s:124:27:126:Infinity":55,"s:128:29:128:Infinity":56,"s:131:31:131:Infinity":57,"s:132:23:132:Infinity":58,"b:132:23:132:67:132:67:132:Infinity":11,"s:134:6:134:Infinity":59,"b:134:44:134:55:134:55:134:57":12,"s:135:6:135:Infinity":60,"b:137:6:141:Infinity:139:13:141:Infinity":13,"s:137:6:141:Infinity":61,"s:138:8:138:Infinity":62,"s:140:8:140:Infinity":63,"b:140:40:140:46:140:46:140:93":14,"s:143:6:143:Infinity":64,"s:147:8:195:Infinity":65,"f:147:34:147:41":7,"s:148:4:148:Infinity":66,"s:149:4:149:Infinity":67,"s:150:4:150:Infinity":68,"b:153:4:156:Infinity:undefined:undefined:undefined:undefined":15,"s:153:4:156:Infinity":69,"b:153:8:153:24:153:24:153:44:153:44:153:76":16,"s:154:6:154:Infinity":70,"s:155:6:155:Infinity":71,"b:159:4:162:Infinity:undefined:undefined:undefined:undefined":17,"s:159:4:162:Infinity":72,"b:159:8:159:20:159:20:159:49":18,"s:160:6:160:Infinity":73,"s:161:6:161:Infinity":74,"s:164:4:194:Infinity":75,"s:166:6:166:Infinity":76,"s:169:27:171:Infinity":77,"s:173:29:173:Infinity":78,"s:176:23:179:Infinity":79,"b:182:6:184:Infinity:undefined:undefined:undefined:undefined":19,"s:182:6:184:Infinity":80,"s:183:8:183:Infinity":81,"f:183:20:183:28":8,"s:183:28:183:57":82,"s:186:6:186:Infinity":83,"b:188:6:192:Infinity:190:13:192:Infinity":20,"s:188:6:192:Infinity":84,"s:189:8:189:Infinity":85,"s:191:8:191:Infinity":86,"b:191:40:191:46:191:46:191:81":21,"s:193:6:193:Infinity":87,"s:197:8:225:Infinity":88,"f:197:33:197:40":9,"s:199:26:199:Infinity":89,"f:199:40:199:45":10,"s:199:45:199:63":90,"b:200:4:203:Infinity:undefined:undefined:undefined:undefined":22,"s:200:4:203:Infinity":91,"s:201:6:201:Infinity":92,"s:202:6:202:Infinity":93,"s:205:4:224:Infinity":94,"s:206:6:206:Infinity":95,"s:209:6:215:Infinity":96,"f:209:18:209:Infinity":11,"s:210:8:214:Infinity":97,"f:210:17:210:Infinity":12,"s:211:10:213:Infinity":98,"b:212:14:212:Infinity:213:14:213:Infinity":23,"s:217:6:217:Infinity":99,"f:217:21:217:29":13,"s:217:29:217:50":100,"b:219:6:223:Infinity:221:13:223:Infinity":24,"s:219:6:223:Infinity":101,"s:220:8:220:Infinity":102,"s:222:8:222:Infinity":103,"b:222:40:222:46:222:46:222:89":25,"s:227:8:247:Infinity":104,"f:227:36:227:48":14,"s:228:4:246:Infinity":105,"s:229:6:229:Infinity":106,"s:232:6:237:Infinity":107,"f:232:18:232:Infinity":15,"s:233:8:236:Infinity":108,"f:233:17:233:29":16,"s:233:29:236:10":109,"b:235:19:235:38:235:27:235:Infinity":26,"s:239:6:239:Infinity":110,"b:241:6:245:Infinity:243:13:245:Infinity":27,"s:241:6:245:Infinity":111,"s:242:8:242:Infinity":112,"s:244:8:244:Infinity":113,"b:244:40:244:46:244:46:244:94":28,"s:249:8:268:Infinity":114,"f:249:36:249:43":17,"s:250:4:267:Infinity":115,"s:251:6:251:Infinity":116,"s:254:29:254:Infinity":117,"f:254:43:254:48":18,"s:254:48:254:66":118,"s:255:6:255:Infinity":119,"f:255:18:255:26":19,"s:255:26:255:74":120,"f:255:38:255:49":20,"s:255:49:255:73":121,"b:258:6:260:Infinity:undefined:undefined:undefined:undefined":29,"s:258:6:260:Infinity":122,"b:258:10:258:28:258:28:258:53":30,"s:259:8:259:Infinity":123,"f:259:23:259:31":21,"s:259:31:259:52":124,"b:262:6:266:Infinity:264:13:266:Infinity":31,"s:262:6:266:Infinity":125,"s:263:8:263:Infinity":126,"s:265:8:265:Infinity":127,"b:265:40:265:46:265:46:265:83":32,"s:271:2:279:Infinity":128,"f:271:12:271:18":22,"b:272:4:278:Infinity:undefined:undefined:undefined:undefined":33,"s:272:4:278:Infinity":129,"b:273:6:277:Infinity:275:13:277:Infinity":34,"s:273:6:277:Infinity":130,"s:274:8:274:Infinity":131,"s:276:8:276:Infinity":132,"s:282:2:294:Infinity":133,"f:282:12:282:18":23,"b:283:4:293:Infinity:undefined:undefined:undefined:undefined":35,"s:283:4:293:Infinity":134,"s:284:25:290:Infinity":135,"f:284:37:284:43":24,"b:285:8:289:Infinity:287:15:289:Infinity":36,"s:285:8:289:Infinity":136,"s:286:10:286:Infinity":137,"s:288:10:288:Infinity":138,"s:292:6:292:Infinity":139,"f:292:13:292:19":25,"s:292:19:292:Infinity":140,"s:296:2:311:Infinity":141}}}
,"C:\\xampp\\htdocs\\IQRAPATH-final\\resources\\js\\lib\\authorization.ts": {"path":"C:\\xampp\\htdocs\\IQRAPATH-final\\resources\\js\\lib\\authorization.ts","statementMap":{"0":{"start":{"line":41,"column":8},"end":{"line":43,"column":null}},"1":{"start":{"line":42,"column":12},"end":{"line":42,"column":null}},"2":{"start":{"line":46,"column":8},"end":{"line":62,"column":null}},"3":{"start":{"line":47,"column":31},"end":{"line":52,"column":null}},"4":{"start":{"line":49,"column":20},"end":{"line":51,"column":null}},"5":{"start":{"line":54,"column":12},"end":{"line":59,"column":null}},"6":{"start":{"line":55,"column":16},"end":{"line":58,"column":null}},"7":{"start":{"line":61,"column":12},"end":{"line":61,"column":null}},"8":{"start":{"line":65,"column":8},"end":{"line":81,"column":null}},"9":{"start":{"line":66,"column":31},"end":{"line":71,"column":null}},"10":{"start":{"line":68,"column":20},"end":{"line":70,"column":null}},"11":{"start":{"line":73,"column":12},"end":{"line":78,"column":null}},"12":{"start":{"line":74,"column":16},"end":{"line":77,"column":null}},"13":{"start":{"line":80,"column":12},"end":{"line":80,"column":null}},"14":{"start":{"line":84,"column":8},"end":{"line":87,"column":null}},"15":{"start":{"line":86,"column":12},"end":{"line":86,"column":null}},"16":{"start":{"line":90,"column":8},"end":{"line":93,"column":null}},"17":{"start":{"line":92,"column":12},"end":{"line":92,"column":null}},"18":{"start":{"line":96,"column":8},"end":{"line":99,"column":null}},"19":{"start":{"line":110,"column":30},"end":{"line":112,"column":null}},"20":{"start":{"line":111,"column":29},"end":{"line":111,"column":null}},"21":{"start":{"line":114,"column":8},"end":{"line":119,"column":null}},"22":{"start":{"line":115,"column":12},"end":{"line":118,"column":null}},"23":{"start":{"line":121,"column":8},"end":{"line":121,"column":null}},"24":{"start":{"line":128,"column":8},"end":{"line":133,"column":null}},"25":{"start":{"line":129,"column":12},"end":{"line":132,"column":null}},"26":{"start":{"line":135,"column":23},"end":{"line":135,"column":null}},"27":{"start":{"line":136,"column":21},"end":{"line":136,"column":null}},"28":{"start":{"line":139,"column":8},"end":{"line":145,"column":null}},"29":{"start":{"line":140,"column":12},"end":{"line":144,"column":null}},"30":{"start":{"line":148,"column":8},"end":{"line":157,"column":null}},"31":{"start":{"line":149,"column":38},"end":{"line":149,"column":null}},"32":{"start":{"line":151,"column":12},"end":{"line":156,"column":null}},"33":{"start":{"line":160,"column":8},"end":{"line":165,"column":null}},"34":{"start":{"line":176,"column":8},"end":{"line":183,"column":null}},"35":{"start":{"line":177,"column":12},"end":{"line":179,"column":null}},"36":{"start":{"line":178,"column":16},"end":{"line":178,"column":null}},"37":{"start":{"line":180,"column":12},"end":{"line":182,"column":null}},"38":{"start":{"line":181,"column":16},"end":{"line":181,"column":null}},"39":{"start":{"line":185,"column":8},"end":{"line":187,"column":null}},"40":{"start":{"line":186,"column":12},"end":{"line":186,"column":null}},"41":{"start":{"line":189,"column":8},"end":{"line":191,"column":null}},"42":{"start":{"line":190,"column":12},"end":{"line":190,"column":null}},"43":{"start":{"line":193,"column":8},"end":{"line":193,"column":null}}},"fnMap":{"0":{"name":"(anonymous_0)","decl":{"start":{"line":35,"column":11},"end":{"line":35,"column":null}},"loc":{"start":{"line":39,"column":27},"end":{"line":100,"column":null}},"line":39},"1":{"name":"(anonymous_1)","decl":{"start":{"line":48,"column":16},"end":{"line":48,"column":17}},"loc":{"start":{"line":49,"column":20},"end":{"line":51,"column":null}},"line":49},"2":{"name":"(anonymous_2)","decl":{"start":{"line":67,"column":16},"end":{"line":67,"column":17}},"loc":{"start":{"line":68,"column":20},"end":{"line":70,"column":null}},"line":68},"3":{"name":"(anonymous_3)","decl":{"start":{"line":105,"column":11},"end":{"line":105,"column":null}},"loc":{"start":{"line":108,"column":27},"end":{"line":122,"column":null}},"line":108},"4":{"name":"(anonymous_4)","decl":{"start":{"line":111,"column":12},"end":{"line":111,"column":13}},"loc":{"start":{"line":111,"column":29},"end":{"line":111,"column":null}},"line":111},"5":{"name":"(anonymous_5)","decl":{"start":{"line":127,"column":11},"end":{"line":127,"column":26}},"loc":{"start":{"line":127,"column":65},"end":{"line":166,"column":null}},"line":127},"6":{"name":"(anonymous_6)","decl":{"start":{"line":171,"column":11},"end":{"line":171,"column":null}},"loc":{"start":{"line":175,"column":14},"end":{"line":194,"column":null}},"line":175}},"branchMap":{"0":{"loc":{"start":{"line":41,"column":8},"end":{"line":43,"column":null}},"type":"if","locations":[{"start":{"line":41,"column":8},"end":{"line":43,"column":null}},{"start":{},"end":{}}],"line":41},"1":{"loc":{"start":{"line":46,"column":8},"end":{"line":62,"column":null}},"type":"if","locations":[{"start":{"line":46,"column":8},"end":{"line":62,"column":null}},{"start":{},"end":{}}],"line":46},"2":{"loc":{"start":{"line":46,"column":12},"end":{"line":46,"column":76}},"type":"binary-expr","locations":[{"start":{"line":46,"column":12},"end":{"line":46,"column":46}},{"start":{"line":46,"column":46},"end":{"line":46,"column":76}}],"line":46},"3":{"loc":{"start":{"line":49,"column":20},"end":{"line":51,"column":null}},"type":"binary-expr","locations":[{"start":{"line":49,"column":20},"end":{"line":49,"column":null}},{"start":{"line":50,"column":20},"end":{"line":50,"column":null}},{"start":{"line":51,"column":21},"end":{"line":51,"column":54}},{"start":{"line":51,"column":54},"end":{"line":51,"column":null}}],"line":49},"4":{"loc":{"start":{"line":54,"column":12},"end":{"line":59,"column":null}},"type":"if","locations":[{"start":{"line":54,"column":12},"end":{"line":59,"column":null}},{"start":{},"end":{}}],"line":54},"5":{"loc":{"start":{"line":65,"column":8},"end":{"line":81,"column":null}},"type":"if","locations":[{"start":{"line":65,"column":8},"end":{"line":81,"column":null}},{"start":{},"end":{}}],"line":65},"6":{"loc":{"start":{"line":65,"column":12},"end":{"line":65,"column":76}},"type":"binary-expr","locations":[{"start":{"line":65,"column":12},"end":{"line":65,"column":46}},{"start":{"line":65,"column":46},"end":{"line":65,"column":76}}],"line":65},"7":{"loc":{"start":{"line":68,"column":20},"end":{"line":70,"column":null}},"type":"binary-expr","locations":[{"start":{"line":68,"column":20},"end":{"line":68,"column":null}},{"start":{"line":69,"column":20},"end":{"line":69,"column":null}},{"start":{"line":70,"column":21},"end":{"line":70,"column":54}},{"start":{"line":70,"column":54},"end":{"line":70,"column":null}}],"line":68},"8":{"loc":{"start":{"line":73,"column":12},"end":{"line":78,"column":null}},"type":"if","locations":[{"start":{"line":73,"column":12},"end":{"line":78,"column":null}},{"start":{},"end":{}}],"line":73},"9":{"loc":{"start":{"line":84,"column":8},"end":{"line":87,"column":null}},"type":"if","locations":[{"start":{"line":84,"column":8},"end":{"line":87,"column":null}},{"start":{},"end":{}}],"line":84},"10":{"loc":{"start":{"line":84,"column":12},"end":{"line":84,"column":77}},"type":"binary-expr","locations":[{"start":{"line":84,"column":12},"end":{"line":84,"column":47}},{"start":{"line":84,"column":47},"end":{"line":84,"column":77}}],"line":84},"11":{"loc":{"start":{"line":90,"column":8},"end":{"line":93,"column":null}},"type":"if","locations":[{"start":{"line":90,"column":8},"end":{"line":93,"column":null}},{"start":{},"end":{}}],"line":90},"12":{"loc":{"start":{"line":90,"column":12},"end":{"line":90,"column":77}},"type":"binary-expr","locations":[{"start":{"line":90,"column":12},"end":{"line":90,"column":46}},{"start":{"line":90,"column":46},"end":{"line":90,"column":77}}],"line":90},"13":{"loc":{"start":{"line":114,"column":8},"end":{"line":119,"column":null}},"type":"if","locations":[{"start":{"line":114,"column":8},"end":{"line":119,"column":null}},{"start":{},"end":{}}],"line":114},"14":{"loc":{"start":{"line":128,"column":8},"end":{"line":133,"column":null}},"type":"if","locations":[{"start":{"line":128,"column":8},"end":{"line":133,"column":null}},{"start":{},"end":{}}],"line":128},"15":{"loc":{"start":{"line":139,"column":8},"end":{"line":145,"column":null}},"type":"if","locations":[{"start":{"line":139,"column":8},"end":{"line":145,"column":null}},{"start":{},"end":{}}],"line":139},"16":{"loc":{"start":{"line":142,"column":25},"end":{"line":142,"column":null}},"type":"binary-expr","locations":[{"start":{"line":142,"column":25},"end":{"line":142,"column":42}},{"start":{"line":142,"column":42},"end":{"line":142,"column":null}}],"line":142},"17":{"loc":{"start":{"line":143,"column":22},"end":{"line":143,"column":null}},"type":"binary-expr","locations":[{"start":{"line":143,"column":22},"end":{"line":143,"column":36}},{"start":{"line":143,"column":36},"end":{"line":143,"column":null}}],"line":143},"18":{"loc":{"start":{"line":148,"column":8},"end":{"line":157,"column":null}},"type":"if","locations":[{"start":{"line":148,"column":8},"end":{"line":157,"column":null}},{"start":{},"end":{}}],"line":148},"19":{"loc":{"start":{"line":153,"column":25},"end":{"line":153,"column":null}},"type":"binary-expr","locations":[{"start":{"line":153,"column":25},"end":{"line":153,"column":42}},{"start":{"line":153,"column":42},"end":{"line":153,"column":null}}],"line":153},"20":{"loc":{"start":{"line":154,"column":22},"end":{"line":154,"column":null}},"type":"binary-expr","locations":[{"start":{"line":154,"column":22},"end":{"line":154,"column":36}},{"start":{"line":154,"column":36},"end":{"line":154,"column":null}}],"line":154},"21":{"loc":{"start":{"line":162,"column":21},"end":{"line":162,"column":null}},"type":"binary-expr","locations":[{"start":{"line":162,"column":21},"end":{"line":162,"column":38}},{"start":{"line":162,"column":38},"end":{"line":162,"column":null}}],"line":162},"22":{"loc":{"start":{"line":176,"column":8},"end":{"line":183,"column":null}},"type":"if","locations":[{"start":{"line":176,"column":8},"end":{"line":183,"column":null}},{"start":{},"end":{}}],"line":176},"23":{"loc":{"start":{"line":177,"column":12},"end":{"line":179,"column":null}},"type":"if","locations":[{"start":{"line":177,"column":12},"end":{"line":179,"column":null}},{"start":{},"end":{}}],"line":177},"24":{"loc":{"start":{"line":177,"column":16},"end":{"line":177,"column":78}},"type":"binary-expr","locations":[{"start":{"line":177,"column":16},"end":{"line":177,"column":49}},{"start":{"line":177,"column":49},"end":{"line":177,"column":78}}],"line":177},"25":{"loc":{"start":{"line":180,"column":12},"end":{"line":182,"column":null}},"type":"if","locations":[{"start":{"line":180,"column":12},"end":{"line":182,"column":null}},{"start":{},"end":{}}],"line":180},"26":{"loc":{"start":{"line":180,"column":16},"end":{"line":180,"column":78}},"type":"binary-expr","locations":[{"start":{"line":180,"column":16},"end":{"line":180,"column":49}},{"start":{"line":180,"column":49},"end":{"line":180,"column":78}}],"line":180},"27":{"loc":{"start":{"line":185,"column":8},"end":{"line":187,"column":null}},"type":"if","locations":[{"start":{"line":185,"column":8},"end":{"line":187,"column":null}},{"start":{},"end":{}}],"line":185},"28":{"loc":{"start":{"line":189,"column":8},"end":{"line":191,"column":null}},"type":"if","locations":[{"start":{"line":189,"column":8},"end":{"line":191,"column":null}},{"start":{},"end":{}}],"line":189}},"s":{"0":11,"1":1,"2":10,"3":4,"4":3,"5":4,"6":2,"7":2,"8":6,"9":2,"10":1,"11":2,"12":1,"13":1,"14":4,"15":1,"16":3,"17":1,"18":2,"19":3,"20":5,"21":3,"22":1,"23":2,"24":72,"25":3,"26":69,"27":69,"28":69,"29":26,"30":43,"31":31,"32":31,"33":12,"34":5,"35":2,"36":1,"37":1,"38":1,"39":3,"40":1,"41":2,"42":1,"43":1},"f":{"0":3,"1":3,"2":1,"3":3,"4":5,"5":3,"6":3},"b":{"0":[1,10],"1":[4,6],"2":[10,5],"3":[3,3,3,2],"4":[2,2],"5":[2,4],"6":[6,4],"7":[1,1,1,0],"8":[1,1],"9":[1,3],"10":[4,1],"11":[1,2],"12":[3,2],"13":[1,2],"14":[3,69],"15":[26,43],"16":[26,0],"17":[26,16],"18":[31,12],"19":[31,0],"20":[31,4],"21":[12,0],"22":[2,3],"23":[1,1],"24":[2,1],"25":[1,0],"26":[1,1],"27":[1,2],"28":[1,1]},"meta":{"lastBranch":29,"lastFunction":7,"lastStatement":44,"seen":{"f:35:11:35:Infinity":0,"b:41:8:43:Infinity:undefined:undefined:undefined:undefined":0,"s:41:8:43:Infinity":0,"s:42:12:42:Infinity":1,"b:46:8:62:Infinity:undefined:undefined:undefined:undefined":1,"s:46:8:62:Infinity":2,"b:46:12:46:46:46:46:46:76":2,"s:47:31:52:Infinity":3,"f:48:16:48:17":1,"s:49:20:51:Infinity":4,"b:49:20:49:Infinity:50:20:50:Infinity:51:21:51:54:51:54:51:Infinity":3,"b:54:12:59:Infinity:undefined:undefined:undefined:undefined":4,"s:54:12:59:Infinity":5,"s:55:16:58:Infinity":6,"s:61:12:61:Infinity":7,"b:65:8:81:Infinity:undefined:undefined:undefined:undefined":5,"s:65:8:81:Infinity":8,"b:65:12:65:46:65:46:65:76":6,"s:66:31:71:Infinity":9,"f:67:16:67:17":2,"s:68:20:70:Infinity":10,"b:68:20:68:Infinity:69:20:69:Infinity:70:21:70:54:70:54:70:Infinity":7,"b:73:12:78:Infinity:undefined:undefined:undefined:undefined":8,"s:73:12:78:Infinity":11,"s:74:16:77:Infinity":12,"s:80:12:80:Infinity":13,"b:84:8:87:Infinity:undefined:undefined:undefined:undefined":9,"s:84:8:87:Infinity":14,"b:84:12:84:47:84:47:84:77":10,"s:86:12:86:Infinity":15,"b:90:8:93:Infinity:undefined:undefined:undefined:undefined":11,"s:90:8:93:Infinity":16,"b:90:12:90:46:90:46:90:77":12,"s:92:12:92:Infinity":17,"s:96:8:99:Infinity":18,"f:105:11:105:Infinity":3,"s:110:30:112:Infinity":19,"f:111:12:111:13":4,"s:111:29:111:Infinity":20,"b:114:8:119:Infinity:undefined:undefined:undefined:undefined":13,"s:114:8:119:Infinity":21,"s:115:12:118:Infinity":22,"s:121:8:121:Infinity":23,"f:127:11:127:26":5,"b:128:8:133:Infinity:undefined:undefined:undefined:undefined":14,"s:128:8:133:Infinity":24,"s:129:12:132:Infinity":25,"s:135:23:135:Infinity":26,"s:136:21:136:Infinity":27,"b:139:8:145:Infinity:undefined:undefined:undefined:undefined":15,"s:139:8:145:Infinity":28,"s:140:12:144:Infinity":29,"b:142:25:142:42:142:42:142:Infinity":16,"b:143:22:143:36:143:36:143:Infinity":17,"b:148:8:157:Infinity:undefined:undefined:undefined:undefined":18,"s:148:8:157:Infinity":30,"s:149:38:149:Infinity":31,"s:151:12:156:Infinity":32,"b:153:25:153:42:153:42:153:Infinity":19,"b:154:22:154:36:154:36:154:Infinity":20,"s:160:8:165:Infinity":33,"b:162:21:162:38:162:38:162:Infinity":21,"f:171:11:171:Infinity":6,"b:176:8:183:Infinity:undefined:undefined:undefined:undefined":22,"s:176:8:183:Infinity":34,"b:177:12:179:Infinity:undefined:undefined:undefined:undefined":23,"s:177:12:179:Infinity":35,"b:177:16:177:49:177:49:177:78":24,"s:178:16:178:Infinity":36,"b:180:12:182:Infinity:undefined:undefined:undefined:undefined":25,"s:180:12:182:Infinity":37,"b:180:16:180:49:180:49:180:78":26,"s:181:16:181:Infinity":38,"b:185:8:187:Infinity:undefined:undefined:undefined:undefined":27,"s:185:8:187:Infinity":39,"s:186:12:186:Infinity":40,"b:189:8:191:Infinity:undefined:undefined:undefined:undefined":28,"s:189:8:191:Infinity":41,"s:190:12:190:Infinity":42,"s:193:8:193:Infinity":43}}}
,"C:\\xampp\\htdocs\\IQRAPATH-final\\resources\\js\\lib\\utils.ts": {"path":"C:\\xampp\\htdocs\\IQRAPATH-final\\resources\\js\\lib\\utils.ts","statementMap":{"0":{"start":{"line":5,"column":4},"end":{"line":5,"column":null}}},"fnMap":{"0":{"name":"cn","decl":{"start":{"line":4,"column":16},"end":{"line":4,"column":22}},"loc":{"start":{"line":4,"column":44},"end":{"line":6,"column":null}},"line":4}},"branchMap":{},"s":{"0":1617},"f":{"0":1617},"b":{},"meta":{"lastBranch":0,"lastFunction":1,"lastStatement":1,"seen":{"f:4:16:4:22":0,"s:5:4:5:Infinity":0}}}
}
